<?xml version="1.0" encoding="UTF-8"?>
<testsuite xmlns:xsi="http://www.w3.org/2001/XMLSchema-instance" xsi:noNamespaceSchemaLocation="https://maven.apache.org/surefire/maven-surefire-plugin/xsd/surefire-test-report.xsd" name="br.gov.sp.fazenda.processors.QueryDatabaseTableTest" time="2.66" tests="18" errors="0" skipped="0" failures="0">
  <properties>
[...]
</properties>
  <testcase name="testAddedRowsTwoTables" classname="br.gov.sp.fazenda.processors.QueryDatabaseTableTest" time="1.214"/>
  <testcase name="testCustomSQL" classname="br.gov.sp.fazenda.processors.QueryDatabaseTableTest" time="0.172"/>
  <testcase name="testOutputBatchSize" classname="br.gov.sp.fazenda.processors.QueryDatabaseTableTest" time="0.309"/>
  <testcase name="testWithExceptionAfterSomeRowsProcessed" classname="br.gov.sp.fazenda.processors.QueryDatabaseTableTest" time="0.036"/>
  <testcase name="testInitialMaxValueWithEL" classname="br.gov.sp.fazenda.processors.QueryDatabaseTableTest" time="0.05"/>
  <testcase name="testGetQuery" classname="br.gov.sp.fazenda.processors.QueryDatabaseTableTest" time="0.002"/>
  <testcase name="testWithRuntimeException" classname="br.gov.sp.fazenda.processors.QueryDatabaseTableTest" time="0.025"/>
  <testcase name="testWithSqlException" classname="br.gov.sp.fazenda.processors.QueryDatabaseTableTest" time="0.008"/>
  <testcase name="testMaxRowsPerFlowFileWithMaxFragments" classname="br.gov.sp.fazenda.processors.QueryDatabaseTableTest" time="0.206"/>
  <testcase name="testMissingColumn" classname="br.gov.sp.fazenda.processors.QueryDatabaseTableTest" time="0.026"/>
  <testcase name="testAddedRowsCustomWhereClause" classname="br.gov.sp.fazenda.processors.QueryDatabaseTableTest" time="0.112"/>
  <testcase name="testMaxRowsPerFlowFile" classname="br.gov.sp.fazenda.processors.QueryDatabaseTableTest" time="0.226"/>
  <testcase name="testGetQueryNoTable" classname="br.gov.sp.fazenda.processors.QueryDatabaseTableTest" time="0.001"/>
  <testcase name="testAddedRows" classname="br.gov.sp.fazenda.processors.QueryDatabaseTableTest" time="0.071"/>
  <testcase name="testWithNullIntColumn" classname="br.gov.sp.fazenda.processors.QueryDatabaseTableTest" time="0.015"/>
  <testcase name="testTimestampNanos" classname="br.gov.sp.fazenda.processors.QueryDatabaseTableTest" time="0.028"/>
  <testcase name="testInitialMaxValue" classname="br.gov.sp.fazenda.processors.QueryDatabaseTableTest" time="0.029"/>
  <testcase name="testMultiplePartitions" classname="br.gov.sp.fazenda.processors.QueryDatabaseTableTest" time="0.027"/>
</testsuite>